<?xml version="1.0" encoding="UTF-8"?>
<testsuite xmlns:xsi="http://www.w3.org/2001/XMLSchema-instance" xsi:noNamespaceSchemaLocation="https://maven.apache.org/surefire/maven-surefire-plugin/xsd/surefire-test-report-3.0.xsd" version="3.0" name="com.cleancode.martinfowler.videostore.VideoStoreTest" time="0.082" tests="4" errors="0" skipped="0" failures="0">
  <properties>
[...]
</properties>
  <testcase name="testDualNewReleaseStatement" classname="com.cleancode.martinfowler.videostore.VideoStoreTest" time="0.017"/>
  <testcase name="testSingleChildrensStatement" classname="com.cleancode.martinfowler.videostore.VideoStoreTest" time="0.0"/>
  <testcase name="testSingleNewReleaseStatement" classname="com.cleancode.martinfowler.videostore.VideoStoreTest" time="0.0"/>
  <testcase name="testMultipleRegularStatement" classname="com.cleancode.martinfowler.videostore.VideoStoreTest" time="0.0"/>
</testsuite>